<?xml version="1.0" encoding="UTF-8"?>
<coverage generated="1492992883">
  <project timestamp="1492992883">
    <package name="App\Abstracts">
      <file name="/Users/khunter/Sites/game-api/app/Abstracts/GameState.php">
        <class name="GameState" namespace="App\Abstracts">
          <metrics complexity="3" methods="0" coveredmethods="0" conditionals="0" coveredconditionals="0" statements="0" coveredstatements="0" elements="0" coveredelements="0"/>
        </class>
        <metrics loc="19" ncloc="14" classes="0" methods="0" coveredmethods="0" conditionals="0" coveredconditionals="0" statements="0" coveredstatements="0" elements="0" coveredelements="0"/>
      </file>
    </package>
    <file name="/Users/khunter/Sites/game-api/app/Interfaces/EngineInterface.php">
      <metrics loc="11" ncloc="11" classes="0" methods="0" coveredmethods="0" conditionals="0" coveredconditionals="0" statements="0" coveredstatements="0" elements="0" coveredelements="0"/>
    </file>
    <file name="/Users/khunter/Sites/game-api/app/Interfaces/GameStateInterface.php">
      <metrics loc="9" ncloc="9" classes="0" methods="0" coveredmethods="0" conditionals="0" coveredconditionals="0" statements="0" coveredstatements="0" elements="0" coveredelements="0"/>
    </file>
    <file name="/Users/khunter/Sites/game-api/app/Interfaces/MoveInterface.php">
      <metrics loc="16" ncloc="7" classes="0" methods="0" coveredmethods="0" conditionals="0" coveredconditionals="0" statements="0" coveredstatements="0" elements="0" coveredelements="0"/>
    </file>
    <package name="Games\TicTacToe">
      <file name="/Users/khunter/Sites/game-api/games/TicTacToe/Api.php">
        <class name="Api" namespace="Games\TicTacToe">
          <metrics complexity="11" methods="5" coveredmethods="5" conditionals="0" coveredconditionals="0" statements="19" coveredstatements="19" elements="24" coveredelements="24"/>
        </class>
        <line num="15" type="method" name="__construct" visibility="public" complexity="3" crap="3" count="4"/>
        <line num="17" type="stmt" count="4"/>
        <line num="19" type="stmt" count="4"/>
        <line num="20" type="stmt" count="3"/>
        <line num="21" type="stmt" count="3"/>
        <line num="23" type="stmt" count="3"/>
        <line num="24" type="stmt" count="3"/>
        <line num="27" type="stmt" count="1"/>
        <line num="28" type="stmt" count="1"/>
        <line num="30" type="method" name="getEngine" visibility="public" complexity="1" crap="1" count="1"/>
        <line num="32" type="stmt" count="1"/>
        <line num="35" type="method" name="makeMove" visibility="public" complexity="2" crap="2" count="10"/>
        <line num="37" type="stmt" count="10"/>
        <line num="38" type="stmt" count="10"/>
        <line num="40" type="stmt" count="10"/>
        <line num="43" type="method" name="getFirstPiece" visibility="protected" complexity="4" crap="4" count="6"/>
        <line num="45" type="stmt" count="6"/>
        <line num="46" type="stmt" count="6"/>
        <line num="47" type="stmt" count="6"/>
        <line num="48" type="stmt" count="6"/>
        <line num="51" type="stmt" count="1"/>
        <line num="55" type="method" name="getWinner" visibility="public" complexity="1" crap="1" count="6"/>
        <line num="57" type="stmt" count="6"/>
        <line num="58" type="stmt" count="6"/>
        <metrics loc="60" ncloc="59" classes="1" methods="5" coveredmethods="5" conditionals="0" coveredconditionals="0" statements="19" coveredstatements="19" elements="24" coveredelements="24"/>
      </file>
      <file name="/Users/khunter/Sites/game-api/games/TicTacToe/GameState.php">
        <class name="GameState" namespace="Games\TicTacToe">
          <metrics complexity="44" methods="21" coveredmethods="21" conditionals="0" coveredconditionals="0" statements="92" coveredstatements="92" elements="113" coveredelements="113"/>
        </class>
        <line num="24" type="method" name="getNewGame" visibility="public" complexity="1" crap="1" count="8"/>
        <line num="28" type="stmt" count="8"/>
        <line num="31" type="method" name="createFromString" visibility="public" complexity="7" crap="7" count="60"/>
        <line num="33" type="stmt" count="60"/>
        <line num="34" type="stmt" count="4"/>
        <line num="36" type="stmt" count="56"/>
        <line num="37" type="stmt" count="56"/>
        <line num="38" type="stmt" count="5"/>
        <line num="40" type="stmt" count="51"/>
        <line num="42" type="stmt" count="51"/>
        <line num="43" type="stmt" count="40"/>
        <line num="44" type="stmt" count="51"/>
        <line num="46" type="stmt" count="51"/>
        <line num="48" type="stmt" count="51"/>
        <line num="49" type="stmt" count="51"/>
        <line num="50" type="stmt" count="51"/>
        <line num="52" type="stmt" count="51"/>
        <line num="53" type="stmt" count="51"/>
        <line num="57" type="method" name="createFromArray" visibility="public" complexity="3" crap="3" count="30"/>
        <line num="59" type="stmt" count="30"/>
        <line num="60" type="stmt" count="3"/>
        <line num="63" type="stmt" count="27"/>
        <line num="65" type="stmt" count="27"/>
        <line num="66" type="stmt" count="27"/>
        <line num="68" type="stmt" count="27"/>
        <line num="69" type="stmt" count="27"/>
        <line num="70" type="stmt" count="1"/>
        <line num="72" type="stmt" count="27"/>
        <line num="73" type="stmt" count="27"/>
        <line num="75" type="stmt" count="27"/>
        <line num="78" type="method" name="getPlayerASymbol" visibility="public" complexity="1" crap="1" count="9"/>
        <line num="80" type="stmt" count="9"/>
        <line num="83" type="method" name="getPlayerBSymbol" visibility="public" complexity="1" crap="1" count="7"/>
        <line num="85" type="stmt" count="7"/>
        <line num="88" type="method" name="getEmptySymbol" visibility="public" complexity="1" crap="1" count="32"/>
        <line num="90" type="stmt" count="32"/>
        <line num="93" type="method" name="checkWinFor" visibility="protected" complexity="1" crap="1" count="87"/>
        <line num="97" type="stmt" count="87"/>
        <line num="108" type="stmt" count="87"/>
        <line num="111" type="stmt" count="87"/>
        <line num="113" type="stmt" count="87"/>
        <line num="114" type="stmt" count="87"/>
        <line num="115" type="stmt" count="87"/>
        <line num="118" type="stmt" count="87"/>
        <line num="120" type="stmt" count="87"/>
        <line num="123" type="stmt" count="87"/>
        <line num="124" type="stmt" count="87"/>
        <line num="128" type="stmt" count="87"/>
        <line num="131" type="method" name="isEndGame" visibility="public" complexity="1" crap="1" count="56"/>
        <line num="133" type="stmt" count="56"/>
        <line num="136" type="method" name="getWinnerInternal" visibility="protected" complexity="4" crap="4" count="87"/>
        <line num="138" type="stmt" count="87"/>
        <line num="139" type="stmt" count="11"/>
        <line num="141" type="stmt" count="76"/>
        <line num="142" type="stmt" count="44"/>
        <line num="144" type="stmt" count="32"/>
        <line num="145" type="stmt" count="4"/>
        <line num="147" type="stmt" count="28"/>
        <line num="155" type="method" name="getWinner" visibility="public" complexity="4" crap="4" count="31"/>
        <line num="157" type="stmt" count="31"/>
        <line num="159" type="stmt" count="31"/>
        <line num="160" type="stmt" count="20"/>
        <line num="161" type="stmt" count="22"/>
        <line num="162" type="stmt" count="9"/>
        <line num="163" type="stmt" count="1"/>
        <line num="165" type="stmt" count="8"/>
        <line num="169" type="method" name="asString" visibility="public" complexity="1" crap="1" count="108"/>
        <line num="171" type="stmt" count="108"/>
        <line num="172" type="stmt" count="108"/>
        <line num="174" type="stmt" count="108"/>
        <line num="175" type="stmt" count="108"/>
        <line num="179" type="method" name="__toString" visibility="public" complexity="1" crap="1" count="21"/>
        <line num="181" type="stmt" count="21"/>
        <line num="184" type="method" name="asArray" visibility="public" complexity="1" crap="1" count="21"/>
        <line num="186" type="stmt" count="21"/>
        <line num="188" type="stmt" count="21"/>
        <line num="189" type="stmt" count="21"/>
        <line num="190" type="stmt" count="21"/>
        <line num="193" type="method" name="getValidMoves" visibility="public" complexity="5" crap="5" count="35"/>
        <line num="195" type="stmt" count="35"/>
        <line num="196" type="stmt" count="24"/>
        <line num="199" type="stmt" count="11"/>
        <line num="200" type="stmt" count="11"/>
        <line num="201" type="stmt" count="11"/>
        <line num="202" type="stmt" count="11"/>
        <line num="203" type="stmt" count="11"/>
        <line num="207" type="stmt" count="11"/>
        <line num="210" type="method" name="makeMove" visibility="public" complexity="1" crap="1" count="1"/>
        <line num="212" type="stmt" count="1"/>
        <line num="213" type="stmt" count="1"/>
        <line num="214" type="stmt" count="1"/>
        <line num="215" type="stmt" count="1"/>
        <line num="218" type="method" name="getOtherPlayer" visibility="protected" complexity="2" crap="2" count="1"/>
        <line num="220" type="stmt" count="1"/>
        <line num="223" type="method" name="getTurnToMove" visibility="public" complexity="1" crap="1" count="10"/>
        <line num="225" type="stmt" count="10"/>
        <line num="228" type="method" name="__construct" visibility="protected" complexity="3" crap="3" count="59"/>
        <line num="232" type="stmt" count="59"/>
        <line num="233" type="stmt" count="59"/>
        <line num="234" type="stmt" count="59"/>
        <line num="235" type="stmt" count="59"/>
        <line num="237" type="stmt" count="59"/>
        <line num="238" type="stmt" count="2"/>
        <line num="240" type="method" name="anonymous function" complexity="1" crap="1" count="57"/>
        <line num="241" type="stmt" count="57"/>
        <line num="242" type="stmt" count="57"/>
        <line num="243" type="stmt" count="4"/>
        <line num="245" type="stmt" count="53"/>
        <line num="246" type="stmt" count="53"/>
        <line num="247" type="stmt" count="53"/>
        <line num="248" type="stmt" count="53"/>
        <line num="249" type="stmt" count="53"/>
        <line num="250" type="stmt" count="53"/>
        <line num="252" type="method" name="getFromSymbol" visibility="protected" complexity="2" crap="2" count="51"/>
        <line num="254" type="stmt" count="51"/>
        <line num="255" type="stmt" count="51"/>
        <line num="261" type="stmt" count="51"/>
        <line num="264" type="method" name="getSymbol" visibility="protected" complexity="2" crap="2" count="108"/>
        <line num="266" type="stmt" count="108"/>
        <line num="272" type="stmt" count="108"/>
        <metrics loc="274" ncloc="243" classes="1" methods="21" coveredmethods="21" conditionals="0" coveredconditionals="0" statements="99" coveredstatements="99" elements="120" coveredelements="120"/>
      </file>
      <file name="/Users/khunter/Sites/game-api/games/TicTacToe/Move.php">
        <class name="Move" namespace="Games\TicTacToe">
          <metrics complexity="8" methods="4" coveredmethods="4" conditionals="0" coveredconditionals="0" statements="11" coveredstatements="11" elements="15" coveredelements="15"/>
        </class>
        <line num="11" type="method" name="__construct" visibility="public" complexity="5" crap="5" count="33"/>
        <line num="14" type="stmt" count="33"/>
        <line num="15" type="stmt" count="6"/>
        <line num="17" type="stmt" count="27"/>
        <line num="18" type="stmt" count="27"/>
        <line num="19" type="stmt" count="27"/>
        <line num="20" type="stmt" count="27"/>
        <line num="22" type="method" name="asArray" visibility="public" complexity="1" crap="1" count="9"/>
        <line num="25" type="stmt" count="9"/>
        <line num="26" type="stmt" count="9"/>
        <line num="27" type="stmt" count="9"/>
        <line num="31" type="method" name="getY" visibility="public" complexity="1" crap="1" count="9"/>
        <line num="33" type="stmt" count="9"/>
        <line num="36" type="method" name="getX" visibility="public" complexity="1" crap="1" count="9"/>
        <line num="38" type="stmt" count="9"/>
        <metrics loc="40" ncloc="40" classes="1" methods="4" coveredmethods="4" conditionals="0" coveredconditionals="0" statements="11" coveredstatements="11" elements="15" coveredelements="15"/>
      </file>
    </package>
    <package name="Games\TicTacToe\Engines">
      <file name="/Users/khunter/Sites/game-api/games/TicTacToe/Engines/Blocker.php">
        <class name="Blocker" namespace="Games\TicTacToe\Engines">
          <metrics complexity="5" methods="3" coveredmethods="3" conditionals="0" coveredconditionals="0" statements="10" coveredstatements="10" elements="13" coveredelements="13"/>
        </class>
        <line num="9" type="method" name="getConsideredMoves" visibility="public" complexity="2" crap="2" count="4"/>
        <line num="11" type="stmt" count="4"/>
        <line num="13" type="stmt" count="4"/>
        <line num="15" type="stmt" count="4"/>
        <line num="17" type="method" name="anonymous function" complexity="1" crap="1" count="4"/>
        <line num="18" type="stmt" count="4"/>
        <line num="19" type="stmt" count="4"/>
        <line num="22" type="stmt" count="4"/>
        <line num="25" type="method" name="getNextState" visibility="protected" complexity="2" crap="2" count="1"/>
        <line num="27" type="stmt" count="1"/>
        <line num="28" type="stmt" count="1"/>
        <line num="29" type="stmt" count="1"/>
        <line num="30" type="stmt" count="1"/>
        <line num="31" type="stmt" count="1"/>
        <metrics loc="34" ncloc="34" classes="1" methods="3" coveredmethods="3" conditionals="0" coveredconditionals="0" statements="11" coveredstatements="11" elements="14" coveredelements="14"/>
      </file>
      <file name="/Users/khunter/Sites/game-api/games/TicTacToe/Engines/EngineAbstract.php">
        <class name="EngineAbstract" namespace="Games\TicTacToe\Engines">
          <metrics complexity="4" methods="2" coveredmethods="2" conditionals="0" coveredconditionals="0" statements="4" coveredstatements="4" elements="6" coveredelements="6"/>
        </class>
        <line num="12" type="method" name="__construct" visibility="public" complexity="1" crap="1" count="2"/>
        <line num="14" type="stmt" count="2"/>
        <line num="15" type="stmt" count="2"/>
        <line num="19" type="method" name="getMove" visibility="public" complexity="2" crap="2" count="1"/>
        <line num="21" type="stmt" count="1"/>
        <line num="22" type="stmt" count="1"/>
        <metrics loc="24" ncloc="24" classes="1" methods="2" coveredmethods="2" conditionals="0" coveredconditionals="0" statements="4" coveredstatements="4" elements="6" coveredelements="6"/>
      </file>
      <file name="/Users/khunter/Sites/game-api/games/TicTacToe/Engines/Random.php">
        <class name="Random" namespace="Games\TicTacToe\Engines">
          <metrics complexity="1" methods="1" coveredmethods="1" conditionals="0" coveredconditionals="0" statements="1" coveredstatements="1" elements="2" coveredelements="2"/>
        </class>
        <line num="7" type="method" name="getConsideredMoves" visibility="public" complexity="1" crap="1" count="1"/>
        <line num="9" type="stmt" count="1"/>
        <metrics loc="11" ncloc="11" classes="1" methods="1" coveredmethods="1" conditionals="0" coveredconditionals="0" statements="1" coveredstatements="1" elements="2" coveredelements="2"/>
      </file>
      <file name="/Users/khunter/Sites/game-api/games/TicTacToe/Engines/WinChecker.php">
        <class name="WinChecker" namespace="Games\TicTacToe\Engines">
          <metrics complexity="3" methods="2" coveredmethods="2" conditionals="0" coveredconditionals="0" statements="4" coveredstatements="4" elements="6" coveredelements="6"/>
        </class>
        <line num="7" type="method" name="getConsideredMoves" visibility="public" complexity="2" crap="2" count="3"/>
        <line num="9" type="stmt" count="3"/>
        <line num="11" type="stmt" count="3"/>
        <line num="13" type="method" name="anonymous function" complexity="1" crap="1" count="3"/>
        <line num="14" type="stmt" count="3"/>
        <line num="15" type="stmt" count="3"/>
        <line num="17" type="stmt" count="3"/>
        <metrics loc="19" ncloc="19" classes="1" methods="2" coveredmethods="2" conditionals="0" coveredconditionals="0" statements="5" coveredstatements="5" elements="7" coveredelements="7"/>
      </file>
    </package>
    <file name="/Users/khunter/Sites/game-api/games/TicTacToe/Interfaces/EngineInterface.php">
      <metrics loc="6" ncloc="6" classes="0" methods="0" coveredmethods="0" conditionals="0" coveredconditionals="0" statements="0" coveredstatements="0" elements="0" coveredelements="0"/>
    </file>
    <file name="/Users/khunter/Sites/game-api/games/TicTacToe/Interfaces/MoveInterface.php">
      <metrics loc="23" ncloc="7" classes="0" methods="0" coveredmethods="0" conditionals="0" coveredconditionals="0" statements="0" coveredstatements="0" elements="0" coveredelements="0"/>
    </file>
    <metrics files="13" loc="546" ncloc="484" classes="7" methods="38" coveredmethods="38" conditionals="0" coveredconditionals="0" statements="150" coveredstatements="150" elements="188" coveredelements="188"/>
  </project>
</coverage>
