<?xml version="1.0" encoding="UTF-8"?>
<coverage generated="1493049326">
  <project timestamp="1493049326">
    <package name="App\Abstracts">
      <file name="/Users/khunter/Sites/game-api/app/Abstracts/GameState.php">
        <class name="GameState" namespace="App\Abstracts">
          <metrics complexity="3" methods="0" coveredmethods="0" conditionals="0" coveredconditionals="0" statements="0" coveredstatements="0" elements="0" coveredelements="0"/>
        </class>
        <metrics loc="35" ncloc="15" classes="0" methods="0" coveredmethods="0" conditionals="0" coveredconditionals="0" statements="0" coveredstatements="0" elements="0" coveredelements="0"/>
      </file>
    </package>
    <file name="/Users/khunter/Sites/game-api/app/Interfaces/EngineInterface.php">
      <metrics loc="28" ncloc="11" classes="0" methods="0" coveredmethods="0" conditionals="0" coveredconditionals="0" statements="0" coveredstatements="0" elements="0" coveredelements="0"/>
    </file>
    <file name="/Users/khunter/Sites/game-api/app/Interfaces/GameStateInterface.php">
      <metrics loc="24" ncloc="9" classes="0" methods="0" coveredmethods="0" conditionals="0" coveredconditionals="0" statements="0" coveredstatements="0" elements="0" coveredelements="0"/>
    </file>
    <package name="Games\TicTacToe">
      <file name="/Users/khunter/Sites/game-api/games/TicTacToe/Api.php">
        <class name="Api" namespace="Games\TicTacToe">
          <metrics complexity="11" methods="5" coveredmethods="5" conditionals="0" coveredconditionals="0" statements="19" coveredstatements="19" elements="24" coveredelements="24"/>
        </class>
        <line num="26" type="method" name="__construct" visibility="public" complexity="3" crap="3" count="4"/>
        <line num="28" type="stmt" count="4"/>
        <line num="30" type="stmt" count="4"/>
        <line num="31" type="stmt" count="3"/>
        <line num="32" type="stmt" count="3"/>
        <line num="34" type="stmt" count="3"/>
        <line num="35" type="stmt" count="3"/>
        <line num="38" type="stmt" count="1"/>
        <line num="39" type="stmt" count="1"/>
        <line num="48" type="method" name="getEngine" visibility="public" complexity="1" crap="1" count="1"/>
        <line num="50" type="stmt" count="1"/>
        <line num="61" type="method" name="makeMove" visibility="public" complexity="2" crap="2" count="10"/>
        <line num="63" type="stmt" count="10"/>
        <line num="64" type="stmt" count="10"/>
        <line num="66" type="stmt" count="10"/>
        <line num="75" type="method" name="getFirstPiece" visibility="protected" complexity="4" crap="4" count="6"/>
        <line num="77" type="stmt" count="6"/>
        <line num="78" type="stmt" count="6"/>
        <line num="79" type="stmt" count="6"/>
        <line num="80" type="stmt" count="6"/>
        <line num="83" type="stmt" count="1"/>
        <line num="94" type="method" name="getWinner" visibility="public" complexity="1" crap="1" count="6"/>
        <line num="96" type="stmt" count="6"/>
        <line num="97" type="stmt" count="6"/>
        <metrics loc="99" ncloc="58" classes="1" methods="5" coveredmethods="5" conditionals="0" coveredconditionals="0" statements="19" coveredstatements="19" elements="24" coveredelements="24"/>
      </file>
      <file name="/Users/khunter/Sites/game-api/games/TicTacToe/GameState.php">
        <class name="GameState" namespace="Games\TicTacToe">
          <metrics complexity="44" methods="21" coveredmethods="21" conditionals="0" coveredconditionals="0" statements="92" coveredstatements="92" elements="113" coveredelements="113"/>
        </class>
        <line num="48" type="method" name="getNewGame" visibility="public" complexity="1" crap="1" count="8"/>
        <line num="52" type="stmt" count="8"/>
        <line num="65" type="method" name="createFromString" visibility="public" complexity="7" crap="7" count="60"/>
        <line num="67" type="stmt" count="60"/>
        <line num="68" type="stmt" count="4"/>
        <line num="70" type="stmt" count="56"/>
        <line num="71" type="stmt" count="56"/>
        <line num="72" type="stmt" count="5"/>
        <line num="74" type="stmt" count="51"/>
        <line num="76" type="stmt" count="51"/>
        <line num="77" type="stmt" count="40"/>
        <line num="78" type="stmt" count="51"/>
        <line num="80" type="stmt" count="51"/>
        <line num="82" type="stmt" count="51"/>
        <line num="83" type="stmt" count="51"/>
        <line num="84" type="stmt" count="51"/>
        <line num="86" type="stmt" count="51"/>
        <line num="87" type="stmt" count="51"/>
        <line num="103" type="method" name="createFromArray" visibility="public" complexity="3" crap="3" count="30"/>
        <line num="105" type="stmt" count="30"/>
        <line num="106" type="stmt" count="3"/>
        <line num="109" type="stmt" count="27"/>
        <line num="111" type="stmt" count="27"/>
        <line num="112" type="stmt" count="27"/>
        <line num="114" type="stmt" count="27"/>
        <line num="115" type="stmt" count="27"/>
        <line num="116" type="stmt" count="1"/>
        <line num="118" type="stmt" count="27"/>
        <line num="119" type="stmt" count="27"/>
        <line num="121" type="stmt" count="27"/>
        <line num="129" type="method" name="getPlayerASymbol" visibility="public" complexity="1" crap="1" count="9"/>
        <line num="131" type="stmt" count="9"/>
        <line num="139" type="method" name="getPlayerBSymbol" visibility="public" complexity="1" crap="1" count="7"/>
        <line num="141" type="stmt" count="7"/>
        <line num="149" type="method" name="getEmptySymbol" visibility="public" complexity="1" crap="1" count="32"/>
        <line num="151" type="stmt" count="32"/>
        <line num="161" type="method" name="checkWinFor" visibility="protected" complexity="1" crap="1" count="87"/>
        <line num="165" type="stmt" count="87"/>
        <line num="176" type="stmt" count="87"/>
        <line num="179" type="stmt" count="87"/>
        <line num="181" type="stmt" count="87"/>
        <line num="182" type="stmt" count="87"/>
        <line num="183" type="stmt" count="87"/>
        <line num="186" type="stmt" count="87"/>
        <line num="188" type="stmt" count="87"/>
        <line num="191" type="stmt" count="87"/>
        <line num="192" type="stmt" count="87"/>
        <line num="196" type="stmt" count="87"/>
        <line num="206" type="method" name="isEndGame" visibility="public" complexity="1" crap="1" count="56"/>
        <line num="208" type="stmt" count="56"/>
        <line num="216" type="method" name="getWinnerInternal" visibility="protected" complexity="4" crap="4" count="87"/>
        <line num="218" type="stmt" count="87"/>
        <line num="219" type="stmt" count="11"/>
        <line num="221" type="stmt" count="76"/>
        <line num="222" type="stmt" count="44"/>
        <line num="224" type="stmt" count="32"/>
        <line num="225" type="stmt" count="4"/>
        <line num="227" type="stmt" count="28"/>
        <line num="235" type="method" name="getWinner" visibility="public" complexity="4" crap="4" count="31"/>
        <line num="237" type="stmt" count="31"/>
        <line num="239" type="stmt" count="31"/>
        <line num="240" type="stmt" count="20"/>
        <line num="241" type="stmt" count="22"/>
        <line num="242" type="stmt" count="9"/>
        <line num="243" type="stmt" count="1"/>
        <line num="245" type="stmt" count="8"/>
        <line num="256" type="method" name="asString" visibility="public" complexity="1" crap="1" count="108"/>
        <line num="258" type="stmt" count="108"/>
        <line num="259" type="stmt" count="108"/>
        <line num="261" type="stmt" count="108"/>
        <line num="262" type="stmt" count="108"/>
        <line num="273" type="method" name="__toString" visibility="public" complexity="1" crap="1" count="21"/>
        <line num="275" type="stmt" count="21"/>
        <line num="283" type="method" name="asArray" visibility="public" complexity="1" crap="1" count="21"/>
        <line num="285" type="stmt" count="21"/>
        <line num="287" type="stmt" count="21"/>
        <line num="288" type="stmt" count="21"/>
        <line num="289" type="stmt" count="21"/>
        <line num="297" type="method" name="getValidMoves" visibility="public" complexity="5" crap="5" count="35"/>
        <line num="299" type="stmt" count="35"/>
        <line num="300" type="stmt" count="24"/>
        <line num="303" type="stmt" count="11"/>
        <line num="304" type="stmt" count="11"/>
        <line num="305" type="stmt" count="11"/>
        <line num="306" type="stmt" count="11"/>
        <line num="307" type="stmt" count="11"/>
        <line num="311" type="stmt" count="11"/>
        <line num="320" type="method" name="makeMove" visibility="public" complexity="1" crap="1" count="1"/>
        <line num="322" type="stmt" count="1"/>
        <line num="323" type="stmt" count="1"/>
        <line num="324" type="stmt" count="1"/>
        <line num="325" type="stmt" count="1"/>
        <line num="333" type="method" name="getOtherPlayer" visibility="protected" complexity="2" crap="2" count="1"/>
        <line num="335" type="stmt" count="1"/>
        <line num="344" type="method" name="getTurnToMove" visibility="public" complexity="1" crap="1" count="10"/>
        <line num="346" type="stmt" count="10"/>
        <line num="357" type="method" name="__construct" visibility="protected" complexity="3" crap="3" count="59"/>
        <line num="361" type="stmt" count="59"/>
        <line num="362" type="stmt" count="59"/>
        <line num="363" type="stmt" count="59"/>
        <line num="364" type="stmt" count="59"/>
        <line num="366" type="stmt" count="59"/>
        <line num="367" type="stmt" count="2"/>
        <line num="369" type="method" name="anonymous function" complexity="1" crap="1" count="57"/>
        <line num="370" type="stmt" count="57"/>
        <line num="371" type="stmt" count="57"/>
        <line num="372" type="stmt" count="4"/>
        <line num="374" type="stmt" count="53"/>
        <line num="375" type="stmt" count="53"/>
        <line num="376" type="stmt" count="53"/>
        <line num="377" type="stmt" count="53"/>
        <line num="378" type="stmt" count="53"/>
        <line num="379" type="stmt" count="53"/>
        <line num="392" type="method" name="getFromSymbol" visibility="protected" complexity="2" crap="2" count="51"/>
        <line num="394" type="stmt" count="51"/>
        <line num="395" type="stmt" count="51"/>
        <line num="401" type="stmt" count="51"/>
        <line num="415" type="method" name="getSymbol" visibility="protected" complexity="2" crap="2" count="108"/>
        <line num="417" type="stmt" count="108"/>
        <line num="423" type="stmt" count="108"/>
        <metrics loc="425" ncloc="244" classes="1" methods="21" coveredmethods="21" conditionals="0" coveredconditionals="0" statements="99" coveredstatements="99" elements="120" coveredelements="120"/>
      </file>
      <file name="/Users/khunter/Sites/game-api/games/TicTacToe/Move.php">
        <class name="Move" namespace="Games\TicTacToe">
          <metrics complexity="8" methods="4" coveredmethods="4" conditionals="0" coveredconditionals="0" statements="11" coveredstatements="11" elements="15" coveredelements="15"/>
        </class>
        <line num="39" type="method" name="__construct" visibility="public" complexity="5" crap="5" count="33"/>
        <line num="41" type="stmt" count="33"/>
        <line num="42" type="stmt" count="6"/>
        <line num="44" type="stmt" count="27"/>
        <line num="45" type="stmt" count="27"/>
        <line num="46" type="stmt" count="27"/>
        <line num="47" type="stmt" count="27"/>
        <line num="54" type="method" name="asArray" visibility="public" complexity="1" crap="1" count="9"/>
        <line num="57" type="stmt" count="9"/>
        <line num="58" type="stmt" count="9"/>
        <line num="59" type="stmt" count="9"/>
        <line num="68" type="method" name="getX" visibility="public" complexity="1" crap="1" count="9"/>
        <line num="70" type="stmt" count="9"/>
        <line num="78" type="method" name="getY" visibility="public" complexity="1" crap="1" count="9"/>
        <line num="80" type="stmt" count="9"/>
        <metrics loc="82" ncloc="43" classes="1" methods="4" coveredmethods="4" conditionals="0" coveredconditionals="0" statements="11" coveredstatements="11" elements="15" coveredelements="15"/>
      </file>
    </package>
    <package name="Games\TicTacToe\Engines">
      <file name="/Users/khunter/Sites/game-api/games/TicTacToe/Engines/Blocker.php">
        <class name="Blocker" namespace="Games\TicTacToe\Engines">
          <metrics complexity="5" methods="3" coveredmethods="3" conditionals="0" coveredconditionals="0" statements="10" coveredstatements="10" elements="13" coveredelements="13"/>
        </class>
        <line num="23" type="method" name="getConsideredMoves" visibility="public" complexity="2" crap="2" count="4"/>
        <line num="25" type="stmt" count="4"/>
        <line num="27" type="stmt" count="4"/>
        <line num="29" type="stmt" count="4"/>
        <line num="31" type="method" name="anonymous function" complexity="1" crap="1" count="4"/>
        <line num="32" type="stmt" count="4"/>
        <line num="33" type="stmt" count="4"/>
        <line num="36" type="stmt" count="4"/>
        <line num="44" type="method" name="getNextState" visibility="protected" complexity="2" crap="2" count="1"/>
        <line num="46" type="stmt" count="1"/>
        <line num="47" type="stmt" count="1"/>
        <line num="48" type="stmt" count="1"/>
        <line num="49" type="stmt" count="1"/>
        <line num="50" type="stmt" count="1"/>
        <metrics loc="53" ncloc="35" classes="1" methods="3" coveredmethods="3" conditionals="0" coveredconditionals="0" statements="11" coveredstatements="11" elements="14" coveredelements="14"/>
      </file>
      <file name="/Users/khunter/Sites/game-api/games/TicTacToe/Engines/EngineAbstract.php">
        <class name="EngineAbstract" namespace="Games\TicTacToe\Engines">
          <metrics complexity="4" methods="2" coveredmethods="2" conditionals="0" coveredconditionals="0" statements="4" coveredstatements="4" elements="6" coveredelements="6"/>
        </class>
        <line num="25" type="method" name="__construct" visibility="public" complexity="1" crap="1" count="2"/>
        <line num="27" type="stmt" count="2"/>
        <line num="28" type="stmt" count="2"/>
        <line num="44" type="method" name="getMove" visibility="public" complexity="2" crap="2" count="1"/>
        <line num="46" type="stmt" count="1"/>
        <line num="47" type="stmt" count="1"/>
        <metrics loc="49" ncloc="25" classes="1" methods="2" coveredmethods="2" conditionals="0" coveredconditionals="0" statements="4" coveredstatements="4" elements="6" coveredelements="6"/>
      </file>
      <file name="/Users/khunter/Sites/game-api/games/TicTacToe/Engines/Random.php">
        <class name="Random" namespace="Games\TicTacToe\Engines">
          <metrics complexity="1" methods="1" coveredmethods="1" conditionals="0" coveredconditionals="0" statements="1" coveredstatements="1" elements="2" coveredelements="2"/>
        </class>
        <line num="13" type="method" name="getConsideredMoves" visibility="public" complexity="1" crap="1" count="1"/>
        <line num="15" type="stmt" count="1"/>
        <metrics loc="17" ncloc="12" classes="1" methods="1" coveredmethods="1" conditionals="0" coveredconditionals="0" statements="1" coveredstatements="1" elements="2" coveredelements="2"/>
      </file>
      <file name="/Users/khunter/Sites/game-api/games/TicTacToe/Engines/WinChecker.php">
        <class name="WinChecker" namespace="Games\TicTacToe\Engines">
          <metrics complexity="3" methods="2" coveredmethods="2" conditionals="0" coveredconditionals="0" statements="4" coveredstatements="4" elements="6" coveredelements="6"/>
        </class>
        <line num="16" type="method" name="getConsideredMoves" visibility="public" complexity="2" crap="2" count="3"/>
        <line num="18" type="stmt" count="3"/>
        <line num="20" type="stmt" count="3"/>
        <line num="22" type="method" name="anonymous function" complexity="1" crap="1" count="3"/>
        <line num="23" type="stmt" count="3"/>
        <line num="24" type="stmt" count="3"/>
        <line num="26" type="stmt" count="3"/>
        <metrics loc="28" ncloc="19" classes="1" methods="2" coveredmethods="2" conditionals="0" coveredconditionals="0" statements="5" coveredstatements="5" elements="7" coveredelements="7"/>
      </file>
    </package>
    <file name="/Users/khunter/Sites/game-api/games/TicTacToe/Interfaces/EngineInterface.php">
      <metrics loc="11" ncloc="6" classes="0" methods="0" coveredmethods="0" conditionals="0" coveredconditionals="0" statements="0" coveredstatements="0" elements="0" coveredelements="0"/>
    </file>
    <file name="/Users/khunter/Sites/game-api/games/TicTacToe/Interfaces/MoveInterface.php">
      <metrics loc="28" ncloc="7" classes="0" methods="0" coveredmethods="0" conditionals="0" coveredconditionals="0" statements="0" coveredstatements="0" elements="0" coveredelements="0"/>
    </file>
    <metrics files="12" loc="879" ncloc="484" classes="7" methods="38" coveredmethods="38" conditionals="0" coveredconditionals="0" statements="150" coveredstatements="150" elements="188" coveredelements="188"/>
  </project>
</coverage>
